1727644736.613498 client started (428624): version 3.3a, socket /tmp/tmux-1000/default, protocol 8
1727644736.613518 on Linux 6.1.0-18-amd64 #1 SMP PREEMPT_DYNAMIC Debian 6.1.76-1 (2024-02-01)
1727644736.613521 using libevent 2.1.12-stable (poll); ncurses 6.3
1727644736.613530 flags are 0x18010000
1727644736.613533 socket is /tmp/tmux-1000/default
1727644736.613546 trying connect
1727644736.613554 connect failed: Connection refused
1727644736.613560 lock file is /tmp/tmux-1000/default.lock
1727644736.613579 flock succeeded
1727644736.613582 got lock (6)
1727644736.613586 trying connect
1727644736.613590 connect failed: Connection refused
1727644736.613733 add peer 0x55724e05bd80: 7 ((nil))
1727644736.613940 sending message 100 to peer 0x55724e05bd80 (4 bytes)
1727644736.613945 sending message 111 to peer 0x55724e05bd80 (8 bytes)
1727644736.613947 sending message 101 to peer 0x55724e05bd80 (12 bytes)
1727644736.613949 sending message 109 to peer 0x55724e05bd80 (4 bytes)
1727644736.613951 sending message 102 to peer 0x55724e05bd80 (11 bytes)
1727644736.613953 sending message 108 to peer 0x55724e05bd80 (41 bytes)
1727644736.613955 sending message 112 to peer 0x55724e05bd80 (70 bytes)
1727644736.613957 sending message 112 to peer 0x55724e05bd80 (5 bytes)
1727644736.613959 sending message 112 to peer 0x55724e05bd80 (6 bytes)
1727644736.613961 sending message 112 to peer 0x55724e05bd80 (6 bytes)
1727644736.613963 sending message 112 to peer 0x55724e05bd80 (10 bytes)
1727644736.613965 sending message 112 to peer 0x55724e05bd80 (13 bytes)
1727644736.613966 sending message 112 to peer 0x55724e05bd80 (14 bytes)
1727644736.613968 sending message 112 to peer 0x55724e05bd80 (19 bytes)
1727644736.613970 sending message 112 to peer 0x55724e05bd80 (11 bytes)
1727644736.613972 sending message 112 to peer 0x55724e05bd80 (21 bytes)
1727644736.613974 sending message 112 to peer 0x55724e05bd80 (13 bytes)
1727644736.613976 sending message 112 to peer 0x55724e05bd80 (7 bytes)
1727644736.613977 sending message 112 to peer 0x55724e05bd80 (13 bytes)
1727644736.613979 sending message 112 to peer 0x55724e05bd80 (7 bytes)
1727644736.613981 sending message 112 to peer 0x55724e05bd80 (13 bytes)
1727644736.613983 sending message 112 to peer 0x55724e05bd80 (9 bytes)
1727644736.613985 sending message 112 to peer 0x55724e05bd80 (21 bytes)
1727644736.613987 sending message 112 to peer 0x55724e05bd80 (13 bytes)
1727644736.613989 sending message 112 to peer 0x55724e05bd80 (9 bytes)
1727644736.613990 sending message 112 to peer 0x55724e05bd80 (16 bytes)
1727644736.613992 sending message 112 to peer 0x55724e05bd80 (13 bytes)
1727644736.613994 sending message 112 to peer 0x55724e05bd80 (9 bytes)
1727644736.613996 sending message 112 to peer 0x55724e05bd80 (9 bytes)
1727644736.613998 sending message 112 to peer 0x55724e05bd80 (12 bytes)
1727644736.614000 sending message 112 to peer 0x55724e05bd80 (8 bytes)
1727644736.614002 sending message 112 to peer 0x55724e05bd80 (13 bytes)
1727644736.614003 sending message 112 to peer 0x55724e05bd80 (7 bytes)
1727644736.614005 sending message 112 to peer 0x55724e05bd80 (7 bytes)
1727644736.614007 sending message 112 to peer 0x55724e05bd80 (9 bytes)
1727644736.614009 sending message 112 to peer 0x55724e05bd80 (6 bytes)
1727644736.614011 sending message 112 to peer 0x55724e05bd80 (9 bytes)
1727644736.614012 sending message 112 to peer 0x55724e05bd80 (15 bytes)
1727644736.614014 sending message 112 to peer 0x55724e05bd80 (13 bytes)
1727644736.614016 sending message 112 to peer 0x55724e05bd80 (12 bytes)
1727644736.614018 sending message 112 to peer 0x55724e05bd80 (8 bytes)
1727644736.614020 sending message 112 to peer 0x55724e05bd80 (14 bytes)
1727644736.614022 sending message 112 to peer 0x55724e05bd80 (9 bytes)
1727644736.614024 sending message 112 to peer 0x55724e05bd80 (10 bytes)
1727644736.614026 sending message 112 to peer 0x55724e05bd80 (10 bytes)
1727644736.614027 sending message 112 to peer 0x55724e05bd80 (10 bytes)
1727644736.614031 sending message 112 to peer 0x55724e05bd80 (10 bytes)
1727644736.614034 sending message 112 to peer 0x55724e05bd80 (11 bytes)
1727644736.614043 sending message 112 to peer 0x55724e05bd80 (12 bytes)
1727644736.614046 sending message 112 to peer 0x55724e05bd80 (12 bytes)
1727644736.614050 sending message 112 to peer 0x55724e05bd80 (12 bytes)
1727644736.614052 sending message 112 to peer 0x55724e05bd80 (12 bytes)
1727644736.614056 sending message 112 to peer 0x55724e05bd80 (12 bytes)
1727644736.614059 sending message 112 to peer 0x55724e05bd80 (11 bytes)
1727644736.614062 sending message 112 to peer 0x55724e05bd80 (11 bytes)
1727644736.614065 sending message 112 to peer 0x55724e05bd80 (12 bytes)
1727644736.614069 sending message 112 to peer 0x55724e05bd80 (12 bytes)
1727644736.614072 sending message 112 to peer 0x55724e05bd80 (12 bytes)
1727644736.614075 sending message 112 to peer 0x55724e05bd80 (12 bytes)
1727644736.614079 sending message 112 to peer 0x55724e05bd80 (12 bytes)
1727644736.614082 sending message 112 to peer 0x55724e05bd80 (9 bytes)
1727644736.614085 sending message 112 to peer 0x55724e05bd80 (12 bytes)
1727644736.614088 sending message 112 to peer 0x55724e05bd80 (13 bytes)
1727644736.614091 sending message 112 to peer 0x55724e05bd80 (13 bytes)
1727644736.614095 sending message 112 to peer 0x55724e05bd80 (13 bytes)
1727644736.614098 sending message 112 to peer 0x55724e05bd80 (13 bytes)
1727644736.614101 sending message 112 to peer 0x55724e05bd80 (13 bytes)
1727644736.614105 sending message 112 to peer 0x55724e05bd80 (8 bytes)
1727644736.614109 sending message 112 to peer 0x55724e05bd80 (11 bytes)
1727644736.614113 sending message 112 to peer 0x55724e05bd80 (11 bytes)
1727644736.614116 sending message 112 to peer 0x55724e05bd80 (11 bytes)
1727644736.614119 sending message 112 to peer 0x55724e05bd80 (12 bytes)
1727644736.614123 sending message 112 to peer 0x55724e05bd80 (12 bytes)
1727644736.614127 sending message 112 to peer 0x55724e05bd80 (12 bytes)
1727644736.614130 sending message 112 to peer 0x55724e05bd80 (12 bytes)
1727644736.614134 sending message 112 to peer 0x55724e05bd80 (13 bytes)
1727644736.614138 sending message 112 to peer 0x55724e05bd80 (13 bytes)
1727644736.614142 sending message 112 to peer 0x55724e05bd80 (13 bytes)
1727644736.614146 sending message 112 to peer 0x55724e05bd80 (8 bytes)
1727644736.614149 sending message 112 to peer 0x55724e05bd80 (13 bytes)
1727644736.614153 sending message 112 to peer 0x55724e05bd80 (13 bytes)
1727644736.614156 sending message 112 to peer 0x55724e05bd80 (13 bytes)
1727644736.614160 sending message 112 to peer 0x55724e05bd80 (13 bytes)
1727644736.614163 sending message 112 to peer 0x55724e05bd80 (13 bytes)
1727644736.614167 sending message 112 to peer 0x55724e05bd80 (12 bytes)
1727644736.614171 sending message 112 to peer 0x55724e05bd80 (12 bytes)
1727644736.614174 sending message 112 to peer 0x55724e05bd80 (12 bytes)
1727644736.614178 sending message 112 to peer 0x55724e05bd80 (12 bytes)
1727644736.614181 sending message 112 to peer 0x55724e05bd80 (13 bytes)
1727644736.614184 sending message 112 to peer 0x55724e05bd80 (8 bytes)
1727644736.614186 sending message 112 to peer 0x55724e05bd80 (13 bytes)
1727644736.614188 sending message 112 to peer 0x55724e05bd80 (13 bytes)
1727644736.614190 sending message 112 to peer 0x55724e05bd80 (13 bytes)
1727644736.614192 sending message 112 to peer 0x55724e05bd80 (13 bytes)
1727644736.614194 sending message 112 to peer 0x55724e05bd80 (13 bytes)
1727644736.614196 sending message 112 to peer 0x55724e05bd80 (13 bytes)
1727644736.614197 sending message 112 to peer 0x55724e05bd80 (13 bytes)
1727644736.614199 sending message 112 to peer 0x55724e05bd80 (12 bytes)
1727644736.614201 sending message 112 to peer 0x55724e05bd80 (12 bytes)
1727644736.614203 sending message 112 to peer 0x55724e05bd80 (12 bytes)
1727644736.614205 sending message 112 to peer 0x55724e05bd80 (8 bytes)
1727644736.614207 sending message 112 to peer 0x55724e05bd80 (12 bytes)
1727644736.614209 sending message 112 to peer 0x55724e05bd80 (13 bytes)
1727644736.614211 sending message 112 to peer 0x55724e05bd80 (13 bytes)
1727644736.614213 sending message 112 to peer 0x55724e05bd80 (13 bytes)
1727644736.614217 sending message 112 to peer 0x55724e05bd80 (13 bytes)
1727644736.614219 sending message 112 to peer 0x55724e05bd80 (13 bytes)
1727644736.614221 sending message 112 to peer 0x55724e05bd80 (13 bytes)
1727644736.614223 sending message 112 to peer 0x55724e05bd80 (13 bytes)
1727644736.614225 sending message 112 to peer 0x55724e05bd80 (13 bytes)
1727644736.614227 sending message 112 to peer 0x55724e05bd80 (12 bytes)
1727644736.614229 sending message 112 to peer 0x55724e05bd80 (10 bytes)
1727644736.614231 sending message 112 to peer 0x55724e05bd80 (12 bytes)
1727644736.614233 sending message 112 to peer 0x55724e05bd80 (12 bytes)
1727644736.614234 sending message 112 to peer 0x55724e05bd80 (12 bytes)
1727644736.614236 sending message 112 to peer 0x55724e05bd80 (13 bytes)
1727644736.614238 sending message 112 to peer 0x55724e05bd80 (13 bytes)
1727644736.614240 sending message 112 to peer 0x55724e05bd80 (13 bytes)
1727644736.614242 sending message 112 to peer 0x55724e05bd80 (13 bytes)
1727644736.614244 sending message 112 to peer 0x55724e05bd80 (13 bytes)
1727644736.614246 sending message 112 to peer 0x55724e05bd80 (13 bytes)
1727644736.614248 sending message 112 to peer 0x55724e05bd80 (13 bytes)
1727644736.614250 sending message 112 to peer 0x55724e05bd80 (10 bytes)
1727644736.614251 sending message 112 to peer 0x55724e05bd80 (13 bytes)
1727644736.614253 sending message 112 to peer 0x55724e05bd80 (12 bytes)
1727644736.614255 sending message 112 to peer 0x55724e05bd80 (12 bytes)
1727644736.614257 sending message 112 to peer 0x55724e05bd80 (12 bytes)
1727644736.614259 sending message 112 to peer 0x55724e05bd80 (10 bytes)
1727644736.614261 sending message 112 to peer 0x55724e05bd80 (10 bytes)
1727644736.614263 sending message 112 to peer 0x55724e05bd80 (10 bytes)
1727644736.614264 sending message 112 to peer 0x55724e05bd80 (12 bytes)
1727644736.614266 sending message 112 to peer 0x55724e05bd80 (13 bytes)
1727644736.614269 sending message 112 to peer 0x55724e05bd80 (13 bytes)
1727644736.614272 sending message 112 to peer 0x55724e05bd80 (13 bytes)
1727644736.614276 sending message 112 to peer 0x55724e05bd80 (13 bytes)
1727644736.614279 sending message 112 to peer 0x55724e05bd80 (13 bytes)
1727644736.614283 sending message 112 to peer 0x55724e05bd80 (10 bytes)
1727644736.614286 sending message 112 to peer 0x55724e05bd80 (11 bytes)
1727644736.614290 sending message 112 to peer 0x55724e05bd80 (12 bytes)
1727644736.614293 sending message 112 to peer 0x55724e05bd80 (12 bytes)
1727644736.614296 sending message 112 to peer 0x55724e05bd80 (12 bytes)
1727644736.614300 sending message 112 to peer 0x55724e05bd80 (12 bytes)
1727644736.614303 sending message 112 to peer 0x55724e05bd80 (12 bytes)
1727644736.614306 sending message 112 to peer 0x55724e05bd80 (11 bytes)
1727644736.614309 sending message 112 to peer 0x55724e05bd80 (12 bytes)
1727644736.614312 sending message 112 to peer 0x55724e05bd80 (12 bytes)
1727644736.614316 sending message 112 to peer 0x55724e05bd80 (13 bytes)
1727644736.614319 sending message 112 to peer 0x55724e05bd80 (13 bytes)
1727644736.614322 sending message 112 to peer 0x55724e05bd80 (13 bytes)
1727644736.614325 sending message 112 to peer 0x55724e05bd80 (13 bytes)
1727644736.614328 sending message 112 to peer 0x55724e05bd80 (13 bytes)
1727644736.614335 sending message 112 to peer 0x55724e05bd80 (10 bytes)
1727644736.614339 sending message 112 to peer 0x55724e05bd80 (9 bytes)
1727644736.614342 sending message 112 to peer 0x55724e05bd80 (12 bytes)
1727644736.614345 sending message 112 to peer 0x55724e05bd80 (13 bytes)
1727644736.614348 sending message 112 to peer 0x55724e05bd80 (13 bytes)
1727644736.614352 sending message 112 to peer 0x55724e05bd80 (13 bytes)
1727644736.614355 sending message 112 to peer 0x55724e05bd80 (13 bytes)
1727644736.614358 sending message 112 to peer 0x55724e05bd80 (13 bytes)
1727644736.614361 sending message 112 to peer 0x55724e05bd80 (9 bytes)
1727644736.614365 sending message 112 to peer 0x55724e05bd80 (12 bytes)
1727644736.614368 sending message 112 to peer 0x55724e05bd80 (13 bytes)
1727644736.614376 sending message 112 to peer 0x55724e05bd80 (13 bytes)
1727644736.614380 sending message 112 to peer 0x55724e05bd80 (13 bytes)
1727644736.614383 sending message 112 to peer 0x55724e05bd80 (13 bytes)
1727644736.614387 sending message 112 to peer 0x55724e05bd80 (13 bytes)
1727644736.614400 sending message 112 to peer 0x55724e05bd80 (11 bytes)
1727644736.614406 sending message 112 to peer 0x55724e05bd80 (12 bytes)
1727644736.614410 sending message 112 to peer 0x55724e05bd80 (13 bytes)
1727644736.614414 sending message 112 to peer 0x55724e05bd80 (13 bytes)
1727644736.614417 sending message 112 to peer 0x55724e05bd80 (13 bytes)
1727644736.614421 sending message 112 to peer 0x55724e05bd80 (13 bytes)
1727644736.614425 sending message 112 to peer 0x55724e05bd80 (13 bytes)
1727644736.614428 sending message 112 to peer 0x55724e05bd80 (11 bytes)
1727644736.614432 sending message 112 to peer 0x55724e05bd80 (12 bytes)
1727644736.614435 sending message 112 to peer 0x55724e05bd80 (12 bytes)
1727644736.614439 sending message 112 to peer 0x55724e05bd80 (12 bytes)
1727644736.614442 sending message 112 to peer 0x55724e05bd80 (12 bytes)
1727644736.614446 sending message 112 to peer 0x55724e05bd80 (12 bytes)
1727644736.614449 sending message 112 to peer 0x55724e05bd80 (12 bytes)
1727644736.614453 sending message 112 to peer 0x55724e05bd80 (9 bytes)
1727644736.614457 sending message 112 to peer 0x55724e05bd80 (6 bytes)
1727644736.614460 sending message 112 to peer 0x55724e05bd80 (13 bytes)
1727644736.614464 sending message 112 to peer 0x55724e05bd80 (10 bytes)
1727644736.614467 sending message 112 to peer 0x55724e05bd80 (15 bytes)
1727644736.614471 sending message 112 to peer 0x55724e05bd80 (11 bytes)
1727644736.614475 sending message 112 to peer 0x55724e05bd80 (70 bytes)
1727644736.614480 sending message 112 to peer 0x55724e05bd80 (69 bytes)
1727644736.614484 sending message 112 to peer 0x55724e05bd80 (34 bytes)
1727644736.614488 sending message 112 to peer 0x55724e05bd80 (34 bytes)
1727644736.614491 sending message 112 to peer 0x55724e05bd80 (12 bytes)
1727644736.614494 sending message 112 to peer 0x55724e05bd80 (10 bytes)
1727644736.614498 sending message 112 to peer 0x55724e05bd80 (10 bytes)
1727644736.614501 sending message 112 to peer 0x55724e05bd80 (15 bytes)
1727644736.614504 sending message 112 to peer 0x55724e05bd80 (11 bytes)
1727644736.614507 sending message 112 to peer 0x55724e05bd80 (10 bytes)
1727644736.614510 sending message 112 to peer 0x55724e05bd80 (10 bytes)
1727644736.614513 sending message 112 to peer 0x55724e05bd80 (17 bytes)
1727644736.614518 sending message 112 to peer 0x55724e05bd80 (10 bytes)
1727644736.614521 sending message 112 to peer 0x55724e05bd80 (17 bytes)
1727644736.614524 sending message 112 to peer 0x55724e05bd80 (5 bytes)
1727644736.614527 sending message 112 to peer 0x55724e05bd80 (9 bytes)
1727644736.614530 sending message 112 to peer 0x55724e05bd80 (15 bytes)
1727644736.614533 sending message 104 to peer 0x55724e05bd80 (0 bytes)
1727644736.614536 sending message 110 to peer 0x55724e05bd80 (0 bytes)
1727644736.614539 sending message 107 to peer 0x55724e05bd80 (4 bytes)
1727644736.614542 sending message 105 to peer 0x55724e05bd80 (19 bytes)
1727644736.614545 sending message 105 to peer 0x55724e05bd80 (19 bytes)
1727644736.614548 sending message 105 to peer 0x55724e05bd80 (19 bytes)
1727644736.614551 sending message 105 to peer 0x55724e05bd80 (47 bytes)
1727644736.614554 sending message 105 to peer 0x55724e05bd80 (20 bytes)
1727644736.614557 sending message 105 to peer 0x55724e05bd80 (22 bytes)
1727644736.614560 sending message 105 to peer 0x55724e05bd80 (19 bytes)
1727644736.614563 sending message 105 to peer 0x55724e05bd80 (28 bytes)
1727644736.614568 sending message 105 to peer 0x55724e05bd80 (15 bytes)
1727644736.614571 sending message 105 to peer 0x55724e05bd80 (45 bytes)
1727644736.614574 sending message 105 to peer 0x55724e05bd80 (26 bytes)
1727644736.614577 sending message 105 to peer 0x55724e05bd80 (16 bytes)
1727644736.614580 sending message 105 to peer 0x55724e05bd80 (21 bytes)
1727644736.614589 sending message 105 to peer 0x55724e05bd80 (52 bytes)
1727644736.614592 sending message 105 to peer 0x55724e05bd80 (22 bytes)
1727644736.614596 sending message 105 to peer 0x55724e05bd80 (41 bytes)
1727644736.614599 sending message 105 to peer 0x55724e05bd80 (13 bytes)
1727644736.614603 sending message 105 to peer 0x55724e05bd80 (21 bytes)
1727644736.614606 sending message 105 to peer 0x55724e05bd80 (19 bytes)
1727644736.614609 sending message 105 to peer 0x55724e05bd80 (17 bytes)
1727644736.614612 sending message 105 to peer 0x55724e05bd80 (17 bytes)
1727644736.614615 sending message 105 to peer 0x55724e05bd80 (23 bytes)
1727644736.614618 sending message 105 to peer 0x55724e05bd80 (23 bytes)
1727644736.614621 sending message 105 to peer 0x55724e05bd80 (13 bytes)
1727644736.614628 sending message 105 to peer 0x55724e05bd80 (11 bytes)
1727644736.614631 sending message 105 to peer 0x55724e05bd80 (8 bytes)
1727644736.614635 sending message 105 to peer 0x55724e05bd80 (18 bytes)
1727644736.614638 sending message 105 to peer 0x55724e05bd80 (11 bytes)
1727644736.614641 sending message 105 to peer 0x55724e05bd80 (17 bytes)
1727644736.614645 sending message 105 to peer 0x55724e05bd80 (31 bytes)
1727644736.614648 sending message 105 to peer 0x55724e05bd80 (164 bytes)
1727644736.614652 sending message 105 to peer 0x55724e05bd80 (252 bytes)
1727644736.614655 sending message 105 to peer 0x55724e05bd80 (17 bytes)
1727644736.614659 sending message 105 to peer 0x55724e05bd80 (54 bytes)
1727644736.614662 sending message 105 to peer 0x55724e05bd80 (16 bytes)
1727644736.614665 sending message 105 to peer 0x55724e05bd80 (43 bytes)
1727644736.614668 sending message 105 to peer 0x55724e05bd80 (18 bytes)
1727644736.614672 sending message 105 to peer 0x55724e05bd80 (18 bytes)
1727644736.614675 sending message 105 to peer 0x55724e05bd80 (17 bytes)
1727644736.614681 sending message 105 to peer 0x55724e05bd80 (20 bytes)
1727644736.614686 sending message 105 to peer 0x55724e05bd80 (15 bytes)
1727644736.614689 sending message 105 to peer 0x55724e05bd80 (60 bytes)
1727644736.614691 sending message 105 to peer 0x55724e05bd80 (33 bytes)
1727644736.614693 sending message 105 to peer 0x55724e05bd80 (38 bytes)
1727644736.614695 sending message 105 to peer 0x55724e05bd80 (29 bytes)
1727644736.614697 sending message 105 to peer 0x55724e05bd80 (11 bytes)
1727644736.614699 sending message 105 to peer 0x55724e05bd80 (8 bytes)
1727644736.614701 sending message 105 to peer 0x55724e05bd80 (32 bytes)
1727644736.614714 sending message 105 to peer 0x55724e05bd80 (1764 bytes)
1727644736.614729 sending message 105 to peer 0x55724e05bd80 (30 bytes)
1727644736.614732 sending message 105 to peer 0x55724e05bd80 (53 bytes)
1727644736.614734 sending message 105 to peer 0x55724e05bd80 (77 bytes)
1727644736.614736 sending message 105 to peer 0x55724e05bd80 (18 bytes)
1727644736.614738 sending message 105 to peer 0x55724e05bd80 (10 bytes)
1727644736.614740 sending message 105 to peer 0x55724e05bd80 (24 bytes)
1727644736.614741 sending message 105 to peer 0x55724e05bd80 (12 bytes)
1727644736.614743 sending message 105 to peer 0x55724e05bd80 (47 bytes)
1727644736.614745 sending message 105 to peer 0x55724e05bd80 (27 bytes)
1727644736.614747 sending message 105 to peer 0x55724e05bd80 (16 bytes)
1727644736.614749 sending message 105 to peer 0x55724e05bd80 (54 bytes)
1727644736.614751 sending message 105 to peer 0x55724e05bd80 (63 bytes)
1727644736.614753 sending message 105 to peer 0x55724e05bd80 (42 bytes)
1727644736.614755 sending message 105 to peer 0x55724e05bd80 (12 bytes)
1727644736.614756 sending message 105 to peer 0x55724e05bd80 (20 bytes)
1727644736.614758 sending message 106 to peer 0x55724e05bd80 (0 bytes)
1727644736.614794 cmd_pack_argv: argv[0]=new
1727644736.614796 sending message 200 to peer 0x55724e05bd80 (8 bytes)
1727644736.614798 client loop enter
1727644736.614808 client_signal: Child exited
1727644736.644796 peer 0x55724e05bd80 message 207
1727644736.644805 sending message 208 to peer 0x55724e05bd80 (0 bytes)
1727644831.708798 peer 0x55724e05bd80 message 203
1727644831.708805 sending message 205 to peer 0x55724e05bd80 (0 bytes)
1727644831.708938 peer 0x55724e05bd80 message 204
1727644831.708942 client loop exit
